[    0.000000] Linux version 4.15.0-39-generic (buildd@lgw01-amd64-054) (gcc version 7.3.0 (Ubuntu 7.3.0-16ubuntu3)) #42-Ubuntu SMP Tue Oct 23 15:48:01 UTC 2018 (Ubuntu 4.15.0-39.42-generic 4.15.18)
[    0.000000] Command line: BOOT_IMAGE=/boot/vmlinuz-4.15.0-39-generic root=LABEL=cloudimg-rootfs ro console=tty1 console=ttyS0
[    0.000000] KERNEL supported cpus:
[    0.000000]   Intel GenuineIntel
[    0.000000]   AMD AuthenticAMD
[    0.000000]   Centaur CentaurHauls
[    0.000000] x86/fpu: Supporting XSAVE feature 0x001: 'x87 floating point registers'
[    0.000000] x86/fpu: Supporting XSAVE feature 0x002: 'SSE reisers'
[    0.000000] x86/fpu: Supporting XSAVE feature 0x004: 'AVX registers'
[    0.000000] x86/fpu: xstate_offset[2]:  576, xstate_sizes[2]:  256
[    0.000000] x86/fpu: Enabled xstate features 0x7, context size is 832 bytes, using 'standard' format.
[    0.000000] e820: BIOS-provided physical RAM map:
[    0.000000] BIOS-e820: [mem 0x0000000000000000-0x000000000009fbff] usable
[    0.000000] BIOS-e820: [mem 0x000000000009fc00-0x000000000009ffff] reserved
[    0.000000] BIOS-e820: [mem 0x00000000000f0000-0x00000000000fffff] reserved
[    0.000000] BIOS-e820: [mem 0x0000000000100000-0x000000007ffeffff] usable
[    0.000000] BIOS-e820: [mem 0x000000007fff0000-0x000000007fffffff] ACPI data
[    0.000000] BIOS-e820: [mem 0x00000000fec00000-0x00000000fec00fff] reserved
[    0.000000] BIOS-e820: [mem 0x00000000fee00000-0x00000000fee00fff] reserved
[    0.000000] BIOS-e820: [mem 0x00000000fffc0000-0x00000000ffffffff] reserved
[    0.000000] NX (Execute Disable) protection: active
[    0.000000] SMBIOS 2.5 present.
[    0.000000] DMI: innotek GmbH VirtualBox/VirtualBox, BIOS VirtualBox 12/01/2006
[    0.000000] Hypervisor detected: KVM
[    0.000000] e820: last_pfn = 0x7fff0 max_arch_pfn = 0x400000000
[    0.000000] MTRR: Disabled
[    0.000000] x86/PAT: MTRRs disabled, skipping PAT initialization too.
[    0.000000] CPU MTRRs all blank - virtualized system.
[    0.000000] x86/PAT: Configuration [0-7]: WB  WT  UC- UC  WB  WT  UC- UC  
[    0.000000] found SMP MP-table at [mem 0x0009fff0-0x0009ffff] mapped at [        (ptrval)]
[    0.000000] Scanning 1 areas for low memory corruption
[    0.000000] RAMDISK: [mem 0x35adf000-0x36d66fff]
[    0.000000] ACPI: Early table checksum verification disabled
[    0.000000] ACPI: RSDP 0x00000000000E0000 000024 (v02 VBOX  )
[    0.000000] ACPI: SDT x000000007FFF0030 00003C (v01 VBOX   VBOXXSDT 00000001 ASL  00000061)
[    0.000000] ACPI: FACP 0x000000007FFF00F0 0000F4 (v04 VBOX   VBOXFACP 00000001 ASL  00000061)
[    0.000000] ACPI: DSDT 0x000000007FFF0470 0021FF (v02 VBOX   VBOXBIOS 00000002 INTL 20180105)
[    0.000000] ACPI: FACS 0x000000007FFF0200 000040
[    0.000000] ACPI: FACS 0x000000007FFF0200 000040
[    0.000000] ACPI: APIC 0x000000007FFF0240 00005C (v02 VBOX   VBOXAPIC 00000001 ASL  00000061)
[    0.000000] ACPI: SSDT 0x000000007FFF02A0 0001CC (v01 VBOX   VBOXCPUT 00000002 INTL 20180105)
[    0.000000] No NUMA configuration found
[    0.000000] Faking a node at [mem 0x0000000000000000-0x000000007ffeffff]
[    0.000000] NODE_DATA(0) allocated [mem 0x7ffc5000-0x7ffeffff]
[    0.000000] kvm-clock: cpu 0, msr 0:7ff44001, primary cpu clock
[    0.000000] kvm-clock: Using msrs 4b564d01 and 4b564d00
[    0.000000 kvm-clock: using sched offset of 3140812257 cycles
[    0.000000] clocksource: kvm-clock: mask: 0xffffffffffffffff max_cycles: 0x1cd42e4dffb, max_idle_ns: 881590591483 ns
[    0.000000] Zone ranges:
[    0.000000]   DMA      [mem 0x0000000000001000-0x0000000000ffffff]
[    0.000000]   DMA32    [mem 0x0000000001000000-0x000000007ffeffff]
[    0.000000]   Normal   empty
[    0.00000   Device   empty
[    0.000000] Movable zone start for each node
[    0.000000] Early memory node ranges
[    0.000000]   node   0: [mem 0x0000000000001000-0x000000000009efff]
[    0.000000]   node   0: [mem 0x0000000000100000-0x000000007ffeffff]
[    0.000000] Initmem setup node 0 [mem 0x0000000000001000-x00000007ffefff]
[    0.00000] Rserved but unavailable: 98 pages
[    0.000000] ACPI: PM-Timer IO Port: 0x008
[    0.000000] IOAPIC[0]: apic_id 2, version 32, address 0xfec00000, GSI 0-23
[    0.000000] ACPI: INT_SRC_OVR (bus 0 bus_irq 0 global_irq 2 dfl dfl)
[    0.000000] ACPI: INT_SRC_OVR (bus 0 bus_irq 9 global_irq 9 low level)
[    0.000000] Using ACPI (MADT) for SMP configuration information
[    0.000000] smpboot: Allowing 2 CPUs, 0 hotplug CPUs
[    0.000000] PM: Registered save memory: [mem 0x00000000-0x00000fff]
[    0.000000] PM: Registered nosave memory: [mem 0x0009f000-0x0009ffff]
[    0.000000] PM: Registered nosave memory: [mem 0x000a0000-0x000effff]
[    0.000000] PM Rgistred nosave memory: [mem 0x000f0000-0x000ffff]
[    0.000000] e820: [mem 0x80000000-0xfebfffff] available for PCI devices
[    0.000000] Booting paravirtualized kernel on KVM
[    0.000000] clocksource: refined-jiffies: mask: 0xffffffff max_cycles: 0xffffffff, max_idle_ns: 7645519600211568 ns
[    0.000000] random: get_random_bytes called from start_kernel+0x99/0x4fd with crng_init=0
[    0.000000] setup_percpu: NR_CPUS:8192 nr_cpumask_bits:2 nr_cpu_ids:2 nr_node_ids:1
[    0.000000] percpu: Embedded 46 pages/cpu @        (ptrval) s151552 r8192 d28672 u1048576
[    0.000000] PV qspinlock hash table entries: 256 (order: 0, 4096 bytes)
[    0.000000] Built 1 zonelists, mobility grouping on.  Total pages: 515961
[    0.000000] Policy zone: DMA32
[    0.000000] Kernel command line: BOOT_IMAGE=/boot/vmlinuz-4.15.0-39-generic roo=LBEL=cloudimg-rootfs ro console=tty1 console=ttyS0
[    0.000000] Memory: 2015800K/209696K available (12300K kernel code, 2472K rwdata, 4248K rodata, 2408K init, 2416K bss, 80896K reserved, 0K cma-reserved)
[    0.000000] SLUB: HWalign=64, Order=0-3, MinObjects=0, CPUs=2, Nodes=1
[    0.000000] Kernel/User page tables isolation: enabled
[    0.000000] ftrace: allocating 39178 entries in 154 pages
[    0.004000] Hierarchical RCU implementation.
[    0.004000] 	RCU restricting CPUs from NR_CPUS=8192 to nr_cpu_ids=2.
[    0.004000] 	Tasks RCU enabled.
[   0.004000] RCU: Adjusting geometry for rcu_fanout_leaf=16, nr_cpu_ids=2
[    0.004000] NR_IRQS: 524544, nr_irqs: 440, preallocated irqs: 16
[    0004000] Console: colour VGA+ 80x25
[    0.004000] console [tty1] enabled
[    0.004000] console [ttyS0] enabled
[    0.4000ACPI: Core risio 21708
[    0.004000] ACPI: 2 ACPI AML tables successfully acquired and loaded
[   0.004000] APIC: Switch to symmetric I/O mode setup
[    0.004254] x2apic enabled
[   0.004900] Switched APIC routing to physical x2apic.
[    0.008835] ..TIMER: vector=0x30 apic1=0 pin1=2 apic2=-1 pin2=-1
[    0.012005] tsc: Detected 3504.000 MHz processor
[    0.016011] Calibrating delay loop (skipped) preset value.. 7008.00 BogoMIPS (lpj=14016000)
[    0.017225] pid_max: default: 32768 minimum: 301
[    0.020043] Security Framework initialized
[    0.020655] Yama: becoming mindful.
[    0.021218] AppArmor: AppArmor initialized
[    0.024595] Dentry cache hash table entries: 262144 (order: 9, 2097152 bytes)
[    0.025849] Inode-cache hash table entries: 131072 (order: 8, 1048576 bytes)
[    0.028024] Mount-cache hash table entries: 4096 (order: 3, 32768 bytes)
[    0.028727] Mountpoint-cache hash table entries: 4096 (order: 3, 32768 bytes)
[    0.032199] mce: CPU supports 0 MCE banks
[    0.036019] Last level iTLB entries: 4KB 128, 2MB 8, 4MB 8
[    0.036848] Last level dTLB entries: 4KB 64, 2MB 0, 4MB 0, 1GB 4
[    0.040004] Spectre V2 : Mitigation: Full generic retpoline
[    0.044006] Spectre V2 : Spectre v2 / SpectreRSB mitigation: Filling RSB on context switch
[    0.048006] Speculative Store Bypass: Vulnerable
[    0.048736] Freeing SMP alternatives memory: 36K
[    0.056000] smpboot: CPU0: Intel(R) Core(TM) i5-6600K CPU @ 3.50GHz (family: 0x6, model: 0x5e, stepping: 0x3)
[    0.056090] Performance Events: unsupported p6 CPU model 94 no PMU driver, software events only.
[    0.060070] Hierarchical SRCU implementation.
[    0.064477] NMI watchdog: Perf event create on CPU 0 failed with -2
[    0.065151] NMI watchdog: Perf NMI watchdog permanently disabled
[    0.065866] smp: Bringing up secondary CPUs ...
[    0.066422] x86: Booting SMP configuration:
[    0.066884] .... node  #0, CPUs:      #1
[    0.004000] kvm-clock: cpu 1, msr 0:7ff44041, secondary cpu clock
[    0.004000] mce: CPU supports 0 MCE banks
[    0.088026] smp: Brought up 1 node, 2 CPUs
[    0.092015] smpboot: Max logical packages: 1
[    0.093050] smpboot: Total of 2 processors activated (14016.00 BogoMIPS)
[    0.096156] devtmpfs: initialized
[    0.100062] x86/mm: Memory block size: 128MB
[    0.101167] evm: security.selinux
[    0.104006] evm: security.SMACK64
[    0.108008] evm: security.SMACK64EXEC
[    0.108429] evm: security.SMACK64TRANSMUTE
[    0.108885] evm: security.SMACK64MMAP
[    0.112002] evm: security.apparmor
[    0.116006] evm: security.ima
[    0.116711] evm: security.capability
[    0.120090] clocksource: jiffies: mask: 0xffffffff max_cycles: 0xffffffff, max_idle_ns: 7645041785100000 ns
[    0.124012] futex hash table entries: 512 (order: 3, 32768 bytes)
[    0.124712] pinctrl core: initialized pinctrl subsystem
[    0.125358] RTC time:  5:24:00, date: 12/18/18
[    0.125973] NET: Registered protocol family 16
[    0.126514] audit: initializing netlink subsys (disabled)
[    0.128006] audit: type=2000 audit(1545110643.354:1): state=initialized audit_enabled=0 res=1
[    0.128928] cpuidle: using governor ladder
[    0.128928] cpuidle: using governor menu
[    0.128934] ACPI: bus type PCI registered
[    0.132012] acpiphp: ACPI Hot Plug PCI Controller Driver version: 0.5
[    0.136103] PCI: Using configuration type 1 for base access
[    0.144035] HugeTLB registered 2.00 MiB page size, pre-allocated 0 pages
[    0.145491] ACPI: Added _OSI(Module Device)
[    0.145491] ACPI: Added _OSI(Processor Device)
[    0.148007] ACPI: Added _OSI(3.0 _SCP Extensions)
[    0.152008] ACPI: Added _OSI(Processor Aggregator Device)
[    0.153154] ACPI: Added _OSI(Linux-Dell-Video)
[    0.156003] ACPI: Added _OSI(Linux-Lenovo-NV-HDMI-Audio)
[    0.157412] ACPI: Executed 1 blocks of module-level executable AML code
[    0.161848] ACPI: Interpreter enabled
[    0.164035] ACPI: (supports S0 S5)
[    0.164912] ACPI: Using IOAPIC for interrupt routing
[    0.168213] PCI: Using host bridge windows from ACPI; if necessary, use "pci=nocrs" and report a bug
[    0.169378] ACPI: Enabled 2 GPEs in block 00 to 07
[    0.173775] ACPI: PCI Root Bridge [PCI0] (domain 0000 [bus 00-ff])
[    0.176015] acpi PNP0A03:00: _OSC: OS supports [ASPM ClockPM Segments MSI]
[    0.176826] acpi PNP0A03:00: _OSC: not requesting OS control; OS requires [ExtendedConfig ASPM ClockPM MSI]
[    0.177852] acpi PNP0A03:00: fail to add MMCONFIG information, can't access extended PCI configuration space under this bridge.
[    0.179263] PCI host bridge to bus 0000:00
[    0.180010] pci_bus 0000:00: root bus resource [io  0x0000-0x0cf7 window]
[    0.184009] pci_bus 0000:00: root bus resource [io  0x0d00-0xffff window]
[    0.184713] pci_bus 0000:00: root bus resource [mem 0x000a0000-0x000bffff window]
[    0.185526] pci_bus 0000:00: root bus resource [mem 0x80000000-0xfdffffff window]
[    0.188003] pci_bus 0000:00: root bus resource [bus 00-ff]
[    0.189820] pci 0000:00:01.1: legacy IDE quirk: reg 0x10: [io  0x01f0-0x01f7]
[    0.190554] pci 0000:00:01.1: legacy IDE quirk: reg 0x14: [io  0x03f6]
[    0.191228] pci 0000:00:01.1: legacy IDE quirk: reg 0x18: [io  0x0170-0x0177]
[    0.192002] pci 0000:00:01.1: legacy IDE quirk: reg 0x1c: [io  0x0376]
[    0.225180] pci 0000:00:07.0: quirk: [io  0x4000-0x403f] claimed by PIIX4 ACPI
[    0.228027] pci 0000:00:07.0: quirk: [io  0x4100-0x410f] claimed by PIIX4 SMB
[    0.252023] ACPI: PCI Interrupt Link [LNKA] (IRQs 5 9 10 *11)
[    0.256269] ACPI: PCI Interrupt Link [LNKB] (IRQs 5 9 *10 11)
[    0.260109] ACPI: PCI Interrupt Link [LNKC] (IRQs 5 *9 10 11)
[    0.264127] ACPI: PCI Interrupt Link [LNKD] (IRQs 5 9 10 *11)
[    0.268388] SCSI subsystem initialized
[    0.272065] pci 0000:00:02.0: vgaarb: setting as boot VGA device
[    0.273305] pci 0000:00:02.0: vgaarb: VGA device added: decodes=io+mem,owns=io+mem,locks=none
[    0.276015] pci 0000:00:02.0: vgaarb: bridge control possible
[    0.277289] vgaarb: loaded
[    0.280048] ACPI: bus type USB registered
[    0.284034] usbcore: registered new interface driver usbfs
[    0.288040] usbcore: registered new interface driver hub
[    0.292032] usbcore: registered new device driver usb
[    0.292664] EDAC MC: Ver: 3.0.0
[    0.292664] PCI: Using ACPI for IRQ routing
[    0.296246] NetLabel: Initializing
[    0.300006] NetLabel:  domain hash size = 128
[    0.304005] NetLabel:  protocols = UNLABELED CIPSOv4 CALIPSO
[    0.304849] NetLabel:  unlabeled traffic allowed by default
[    0.305668] clocksource: Switched to clocksource kvm-clock
[    0.312650] VFS: Disk quotas dquot_6.6.0
[  0.323068] VFS: Dquot-cache hash table entries: 512 (order 0, 4096 bytes)
[    0.362969] AppArmor: AppArmor Filesystem Enabled
[    0.363501] pnp: PnP ACPI init
[    0.364536] pnp: PnP ACPI: found 3 devices

[    0.373788] clocksource: acpi_pm: mask: 0xffffff max_cycles: 0xffffff, max_idle_ns: 2085701024 ns
[   0.385775] NET: Registered rotocol family 2

[    0.426229] TCP established hash table entries: 16384 (order: 5, 131072 bytes)
[    0.427038] TCP bind hash table entries: 16384 (order: 6, 262144 bytes)
[    0.428168] TCP: Hash tables configured (established 16384 bind 16384)
[    0.428889] UDP hash table entries: 1024 (order: 3, 32768 bytes)
[    0.429523] UDP-Lite hash table entries: 1024 (order: 3, 32768 bytes)
[    0.430219] NET: Registered protocol family 1
[    0.430712] pci 0000:00:00.0: Limiting direct PCI/PCI transfers
[  0431345] pci 0000:00:01.0: Actiti ISA DMA hang workarounds
[   0.569036] pci 0000:00:02.0: Video device with shadowed ROM at [mm 0x0c00-0x000dffff]
[   6852]Unpacking initramfs...

[    1.005720] Freeing initrd memory: 18976K
[    1.055035] platform rtc_cmos: registered platform RTC device (no PNP device found)
[    1.062233] Scanning for low memory corruption every 60 seconds
[    1.063388] Initialise system trusted keyrings
[    1.063886] Key type blacklist registered
[    1.064447] workingset: timestamp_bits=36 max_order=19 bucket_order=0
[    1.065788] zbud: loaded
[    1.066424] squashfs: version 4.0 (2009/01/31) Phillip Lougher
[    1.076595] fuse init (API version 7.26)
[    1.131999] Key type asymmetric registered
[    1.204213] Asymmetric key parser 'x509' registered
[    1.205033] Block layer SCSI generic (bsg) driver version 0.4 loaded (major 246)
[    1.206246] io scheduler noop registered
[    1.243796] io scheduler deadline registered
[    1.261637] io scheduler cfq registered (default)
[    1.262456] ACPI: AC Adapter [AC] (on-line)
[    1.311005] input: Power Button as /devices/LNXSYSTM:00/LNXPWRBN:00/input/input0
[    1.322604] ACPI: Power Button [PWRF]
[    1.323219] input: Sleep Button as /devices/LNXSYSTM:00/LNXSLPBN:00/input/input1
[    1.351449] ACPI: Sleep Button [SLPF]
[    1.394751] Serial: 8250/16550 driver, 32 ports, IRQ sharing enabled
[    1.427445] 00:02: ttyS0 at I/O 0x3f8 (irq = 4, base_baud = 115200) is a 16550A
[    1.473231] Linux agpgart interface v0.103
[    1.476271] loop: module loaded
[    1.488907] scsi host0: ata_piix
[    1.520246] scsi host1: ata_piix
[    1.535124] ata1: PATA max UDMA/33 cmd 0x1f0 ctl 0x3f6 bmdma 0xd000 irq 14
[    1.536021] ata2: PATA max UDMA/33 cmd 0x170 ctl 0x376 bmdma 0xd008 irq 15
[    1.537090] libphy: Fixed MDIO Bus: probed
[    1.542903] tun: Universal TUN/TAP device driver, 1.6
[    1.543536] PPP generic driver version 2.4.2
[    1.544107] ehci_hcd: USB 2.0 'Enhanced' Host Controller (EHCI) Driver
[    1.544787] ehci-pci: EHCI PCI platform driver
[    1.545295] ehci-platform: EHCI generic platform driver
[    1.545973] ohci_hcd: USB 1.1 'Open' Host Controller (OHCI) Driver
[    1.546651] ohci-pci: OHCI PCI platform driver
[    1.547150] ohci-platform: OHCI generic platform driver
[    1.547716] uhci_hcd: USB Universal Host Controller Interface driver
[    1.548437] i8042: PNP: PS/2 Controller [PNP0303:PS2K,PNP0f03:PS2M] at 0x60,0x64 irq 1,12
[    1.549646] serio: i8042 KBD port at 0x60,0x64 irq 1
[    1.550182] serio: i8042 AUX port at 0x60,0x64 irq 12
[    1.560662] mousedev: PS/2 mouse device common for all mice
[    1.561635] input: AT Translated Set 2 keyboard as /devices/platform/i8042/serio0/input/input2
[    1.562592] rtc_cmos rtc_cmos: rtc core: registered rtc_cmos as rtc0
[    1.563394] rtc_cmos rtc_cmos: alarms up to one day, 114 bytes nvram
[    1.564079] i2c /dev entries driver
[    1.564482] pcie_mp2_amd: AMD(R) PCI-E MP2 Communication Driver Version: 1.0
[    1.565367] device-mapper: uevent: version 1.0.3
[    1.565959] device-mapper: ioctl: 4.37.0-ioctl (2017-09-20) initialised: dm-devel@redhat.com
[    1.566925] ledtrig-cpu: registered to indicate activity on CPUs
[    1.604773] NET: Registered protocol family 10
[    1.673710] Segment Routing with IPv6
[    1.687142] NET: Registered protocol family 17
[    1.688188] Key type dns_resolver registered
[    1.689082] RAS: Correctable Errors collector initialized.
[    1.689888] sched_clock: Marking stable (1689040465, 0)->(4166411752, -2477371287)
[    1.704066] registered taskstats version 1
[    1.704690] Loading compiled-in X.509 certificates
[    1.710229] Loaded X.509 cert 'Build time autogenerated kernel key: 28c680bedc8638650c29d29ff1fd33ae66a2014d'
[    1.724089] zswap: loaded using pool lzo/zbud
[    1.733349] Key type big_key registered
[    1.737409] Key type trusted registered
[    1.739399] Key type encrypted registered
[    1.757007] AppArmor: AppArmor sha1 policy hashing enabled
[    1.771016] ima: No TPM chip found, activating TPM-bypass! (rc=-19)
[    1.771837] ima: Allocated hash algorithm: sha1
[    1.777709] evm: HMAC attrs: 0x1
[    1.778278]   Magic number: 14:292:416
[    1.778807] rtc_cmos rtc_cmos: setting system clock to 2018-12-18 05:24:02 UTC (1545110642)
[    1.792719] BIOS EDD facility v0.16 2004-Jun-25, 0 devices found
[    1.802109] EDD information not available.
[    1.804755] Freeing unused kernel memory: 2408K
[    1.836262] Write protecting the kernel read-only data: 20480k
[    1.871739] Freeing unused kernel memory: 2008K
[    1.886500] Freeing unused kernel memory: 1896K
[    1.895465] x86/mm: Checked W+X mappings: passed, no W+X pages found.
[    2.373716] x86/mm: Checking user space page tables
[    3.265435] tsc: Refined TSC clocksource calibration: 3503.780 MHz
[    3.372684] clocksource: tsc: mask: 0xffffffffffffffff max_cycles: 0x32814388f09, max_idle_ns: 440795218899 ns
Loading, please [    3.376429] x86/mm: Checked W+X mappings: passed, no W+X pages found.
wait...
starting version 237
[    3.465717] e1000: Intel(R) PRO/1000 Network Driver - version 7.3.21-k8-NAPI
[    3.472907] e1000: Copyright (c) 1999-2006 Intel Corporation.
[    3.482907] Fusion MPT base driver 3.04.20
[    3.492542] Copyright (c) 1999-2008 LSI Corporation
[    3.495883] Fusion MPT SPI Host driver 3.04.20
[    3.507005] AVX2 version of gcm_enc/dec engaged.
[    3.518658] AES CTR mode by8 optimization enabled
[    3.701825] input: ImExPS/2 Generic Explorer Mouse as /devices/platform/i8042/serio1/input/input4
[    3.851719] e1000 0000:00:03.0 eth0: (PCI:33MHz:32-bit) 02:ad:f7:32:92:86
[    4.373723] e1000 0000:00:03.0 eth0: Intel(R) PRO/1000 Network Connection
[    4.793135] e1000 0000:00:08.0 eth1: (PCI:33MHz:32-bit) 08:00:27:9c:aa:cf
[    5.374555] e1000 0000:00:08.0 eth1: Intel(R) PRO/1000 Network Connection
[    5.377304] e1000 0000:00:08.0 enp0s8: renamed from eth1
[    5.377312] mptbase: ioc0: Initiating bringup
[    5.432578] e1000 0000:00:03.0 enp0s3: renamed from eth0
[    5.488246] ioc0: LSI53C1030 A0: Capabilities={Initiator}
[    5.789729] scsi host2: ioc0: LSI53C1030 A0, FwRev=00000000h, Ports=1, MaxQ=256, IRQ=20
[    5.972419] scsi 2:0:0:0: Direct-Access     VBOX     HARDDISK         1.0  PQ: 0 ANSI: 5
[    6.030581] scsi target2:0:0: Beginning Domain Validation
[    6.323055] scsi target2:0:0: Domain Validation skipping write tests
[    6.323979] scsi target2:0:0: Ending Domain Validation
[    6.324837] scsi target2:0:0: asynchronous
[    6.325728] scsi 2:0:1:0: Direct-Access     VBOX     HARDDISK         1.0  PQ: 0 ANSI: 5
[    6.437633] scsi target2:0:1: Beginning Domain Validation
[    6.442839] random: fast init done
[    6.443520] scsi target2:0:1: Domain Validation skipping write tests
[    6.545797] scsi target2:0:1: Ending Domain Validation
[    6.546403] scsi target2:0:1: asynchronous
[    6.548807] random: systemd-udevd: uninitialized urandom read (16 bytes read)
[    6.548968] sd 2:0:0:0: [sda] 20971520 512-byte logical blocks: (10.7 GB/10.0 GiB)
[    6.549017] sd 2:0:0:0: [sda] Write Protect is off
[    6.549169] sd 2:0:0:0: [sda] Incomplete mode parameter data
[    6.549170] sd 2:0:0:0: [sda] Assuming drive cache: write through
[    6.581495] random: systemd-udevd: uninitialized urandom read (16 bytes read)
[    6.581549] sd 2:0:0:0: Attached scsi generic sg0 type 0
[    6.582306]  sda: sda1
[    6.583182] random: systemd-udevd: uninitialized urandom read (16 bytes read)
[    6.583412] sd 2:0:0:0: [sda] Attached SCSI disk
[    6.583705] sd 2:0:1:0: [sdb] 20480 512-byte logical blocks: (10.5 MB/10.0 MiB)
[    6.583769] sd 2:0:1:0: [sdb] Write Protect is off
[    6.583820] sd 2:0:1:0: [sdb] Incomplete mode parameter data
[    6.583821] sd 2:0:1:0: [sdb] Assuming drive cache: write through
[    6.632361] sd 2:0:1:0: Attached scsi generic sg1 type 0
[    6.633773] sd 2:0:1:0: [sdb] Attached SCSI disk
Begin: Loading essential drivers ... [    8.036054] raid6: sse2x1   gen() 13087 MB/s
[    8.116037] raid6: sse2x1   xor()  9716 MB/s
[    8.184039] raid6: sse2x2   gen() 16446 MB/s
[    8.236055] raid6: sse2x2   xor() 11100 MB/s
[    8.300039] raid6: sse2x4   gen() 19014 MB/s
[    8.352023] raid6: sse2x4   xor() 11670 MB/s
[    8.404053] raid6: avx2x1   gen() 26581 MB/s
[    8.456067] raid6: avx2x1   xor() 18708 MB/s
[    8.516044] raid6: avx2x2   gen() 32417 MB/s
[    8.570902] raid6: avx2x2   xor() 21700 MB/s
[    8.624067] raid6: avx2x4   gen() 36451 MB/s
[    8.680042] raid6: avx2x4   xor() 20857 MB/s
[    8.686265] raid6: using algorithm avx2x4 gen() 36451 MB/s
[    8.693876] raid6: .... xor() 20857 MB/s, rmw enabled
[    8.694432] raid6: using avx2x2 recovery algorithm
[    8.695928] xor: automatically using best checksumming function   avx       
[    8.713736] async_tx: api initialized (async)
done.
Begin: Running /scripts/init-p[    8.748489] Btrfs loaded, crc32c=crc32c-intel
remount ... done.
Begin: Mounting root file system ... Begin: Running /scripts/local-top ... done.
Begin: Running /scripts/local-premount ... Scanning for Btrfs filesystems
done.
Warning: fsck no[    8.780791] EXT4-fs (sda1): mounted filesystem with ordered data mode. Opts: (null)
t present, so skipping root file system
done.
Begin: Running /scripts/local-bottom ... done.
Begin: Running /scripts/init-bottom ... done.
[    8.950912] ip_tables: (C) 2000-2006 Netfilter Core Team
[    8.977025] systemd[1]: systemd 237 running in system mode. (+PAM +AUDIT +SELINUX +IMA +APPARMOR +SMACK +SYSVINIT +UTMP +LIBCRYPTSETUP +GCRYPT +GNUTLS +ACL +XZ +LZ4 +SECCOMP +BLKID +ELFUTILS +KMOD -IDN2 +IDN -PCRE2 default-hierarchy=hybrid)
[    9.061346] systemd[1]: Detected virtualization oracle.
[    9.062333] systemd[1]: Detected architecture x86-64.

Welcome to [1mUbuntu 18.04.1 LTS[0m!

[    9.110921] systemd[1]: Set hostname to <ubuntu>.
[    9.173642] systemd[1]: Initializing machine ID from random generator.
[    9.185199] systemd[1]: Installed transient /etc/machine-id file.
[    9.448623] systemd[1]: Reached target User and Group Name Lookups.
[[0;32m  OK  [0m] Reached target User and Group Name Lookups.
[    9.508704] systemd[1]: Reached target Swap.
[[0;32m  OK  [0m] Reached target Swap.
[    9.525359] systemd[1]: Created slice System Slice.
[[0;32m  OK  [0m] Created slice System Slice.
[    9.565048] systemd[1]: Listening on /dev/initctl Compatibility Named Pipe.
[[0;32m  OK  [0m] Listening on /dev/initctl Compatibility Named Pipe.
[[0;32m  OK  [0m] Listening on Journal Socket.
         Starting Create list of required st…ce nodes for the current kernel...
         Mounting Kernel Debug File System...
         Starting Uncomplicated firewall...
[[0;32m  OK  [0m] Created slice system-serial\x2dgetty.slice.
         Starting Load Kernel Modules...
[[0;32m  OK  [0m] Listening on Journal Audit Socket.
[    9.675417] Loading iSCSI transport class v2.0-870.
[[0;32m  OK  [0m] Listening on Device-mapper event daemon FIFOs.
[    9.693786] iscsi: registered transport (tcp)
         Mounting POSIX Message Queue File System...
[[0;32m  OK  [0m] Listening on [    9.715293] iscsi: registered transport (iser)
udev Kernel Socket.
[[0;32m  OK  [0m] Listening on LVM2 poll daemon socket.
[[0;32m  OK  [0m] Listening on LVM2 metadata daemon socket.
         Starting Monitoring of LVM2 mirrors…ng dmeventd or progress polling...
[[0;32m  OK  [0m] Listening on udev Control Socket.
         Starting udev Coldplug all Devices...
[[0;32m  OK  [0m] Listening on Network Service Netlink Socket.
         Starting Remount Root and Kernel File Systems...
[[0;32m  OK  [0m] Started Forward Password Requests to Wall Directory Watch.
         [    9.853231] EXT4-fs (sda1): re-mounted. Opts: (null)
Mounting Huge Pages File System...
         Starting Set the console keyboard layout...
[[0;32m  OK  [0m] Created slice User and Session Slice.
[[0;32m  OK  [0m] Listening on Journal Socket (/dev/log).
[[0;32m  OK  [0m] Listening on Syslog Socket.
         Starting Journal Service...
[[0;32m  OK  [0m] Reached target Slices.
[[0;32m  OK  [0m] Set up automount Arbitrary Executab…rmats File System Automount Point.
[[0;32m  OK  [0m] Reached target System Time Synchronized.
[[0;32m  OK  [0m] Started Journal Service.
[[0;32m  OK  [0m] Started Create list of required sta…vice nodes for the current kernel.
[[0;32m  OK  [0m] Mounted Kernel Debug File System.
[[0;32m  OK  [0m] Started Uncomplicated firewall.
[[0;32m  OK  [0m] Started Load Kernel Modules.
[[0;32m  OK  [0m] Mounted POSIX Message Queue File System.
[[0;32m  OK  [0m] Started Remount Root and Kernel File Systems.
[[0;32m  OK  [0m] Mounted Huge Pages File System.
[[0;32m  OK  [0m] Started Set the console keyboard layout.
[[0;32m  OK  [0m] Started LVM2 metadata daemon.
         Starting Initial cloud-init job (pre-networking)...
         Starting Load/Save Random Seed...
         Mounting Kernel Configuration File System...
         Starting Apply Kernel V[   10.213971] random: crng init done
ariables...
[   10.237512] random: 7 urandom warning(s) missed due to ratelimiting
         Mounting FUSE Control File System...
         Starting Create Static Device Nodes in /dev...
         Starting Flush Journal to Persistent Storage...
[[0;32m  OK  [0m] Started Monitoring of LVM2 mirrors,…sing dmeventd or progress polling.
[[0;32m  OK  [0m] Started udev Coldplug all Devices.
[[0;32m  OK  [0m] Started Load/Save Random Seed.
[[0;32m  OK  [0m] Mounted Kernel Configuration File System.
[[0;32m  OK  [0m] Started Apply Kernel Variables.
[[0;32m  OK  [0m] Mounted FUSE Control File System.
[[0;32m  OK  [0m] Started Create Static Device Nodes in /dev.
         Starting udev Kernel Device Manager...
[[0;32m  OK  [0m] Reached target Local File Systems (Pre).
[[0;32m  OK  [0m] Reached target Local File Systems.
         Starting Commit a transient machine-id on disk...
         Starting Tell Plymouth To Write Out Runtime Data...
         Starting Set console font and keymap...
         Starting ebtables ruleset management...
         Starting AppArmor initialization...
[[0;32m  OK  [0m] Started udev Kernel Device Manager.
[[0;32m  OK  [0m] Started Dispatch Password Requests to Console Directory Watch.
[[0;32m  OK  [0m] Reached target Local Encrypted Volumes.
[[0;32m  OK  [0m] Started Tell Plymouth To Write Out Runtime Data.
[[0;32m  OK  [0m] Started Set console font and keymap.
[[0;32m  OK  [0m] Started Commit a transient machine-id on disk.
[[0;32m  OK  [0m] Started Flush Journal to Persistent Storage.
[[0;32m  OK  [0m] Found device /dev/ttyS0.
[[0;32m  OK  [0m] Started ebtables ruleset management.
[[0;32m  OK  [0m] Listening on Load/Save RF Kill Switch Status /dev/rfkill Watch.
         Starting Create Volatile Files and Directories...
[[0;32m  OK  [0m] Started Create Volatile Files and Directories.
         Starting Update UTMP about System Boot/Shutdown...
[[0;32m  OK  [0m] Started Update UTMP about System Boot/Shutdown.
[[0;32m  OK  [0m] Started AppArmor initialization.
[   11.890325] cloud-init[413]: Cloud-init v. 18.4-0ubuntu1~18.04.1 running 'init-local' at Tue, 18 Dec 2018 05:24:12 +0000. Up 11.48 seconds.
[[0;32m  OK  [0m] Started Initial cloud-init job (pre-networking).
[[0;32m  OK  [0m] Reached target Network (Pre).
         Starting Network Service...
[[0;32m  OK  [0m] Started Network Service.
         Starting Network Name Resolution...
         Starting Wait for Network to be Configured...
[[0;32m  OK  [0m] Started Network Name Resolution.
[[0;32m  OK  [0m] Reached target Network.
[[0;32m  OK  [0m] Reached target Host and Network Name Lookups.
[[0;32m  OK  [0m] Started Wait for Network to be Configured.
         Starting Initial cloud-init job (metadata service crawler)...
[   14.179509] cloud-init[644]: Cloud-init v. 18.4-0ubuntu1~18.04.1 running 'init' at Tue, 18 Dec 2018 05:24:14 +0000. Up 14.07 seconds.
[   14.227602] cloud-init[644]: ci-info: ++++++++++++++++++++++++++++++++++++++Net device info+++++++++++++++++++++++++++++++++++++++
[   14.264257] cloud-init[644]: ci-info: +--------+-------+----------------------------+---------------+--------+-------------------+
[   14.298347] cloud-init[644]: ci-info: | Device |   Up  |          Address           |      Mask     | Scope  |     Hw-Address    |
[   14.299495] cloud-init[644]: ci-info: +--------+-------+----------------------------+---------------+--------+-------------------+
[   14.322628] cloud-init[644]: ci-info: | enp0s3 |  True |         10.0.2.15          | 255.255.255.0 | global | 02:ad:f7:32:92:86 |
[   14.338619] cloud-init[644]: ci-info: | enp0s3 |  True | fe80::ad:f7ff:fe32:9286/64 |       .       |  link  | 02:ad:f7:32:92:86 |
[   14.368283] cloud-init[644]: ci-info: | enp0s8 | False |             .              |       .       |   .    | 08:00:27:9c:aa:cf |
[   14.384179] cloud-init[644]: ci-info: |   lo   |  True |         127.0.0.1          |   255.0.0.0   |  host  |         .         |
[   14.404296] cloud-init[644]: ci-info: |   lo   |  True |          ::1/128           |       .       |  host  |         .         |
[   14.408627] cloud-init[644]: ci-info: +--------+-------+----------------------------+---------------+--------+-------------------+
[   14.409732] cloud-init[644]: ci-info: ++++++++++++++++++++++++++++Route IPv4 info+++++++++++++++++++++++++++++
[   14.456682] cloud-init[644]: ci-info: +-------+-------------+----------+-----------------+-----------+-------+
[   14.476299] cloud-init[644]: ci-info: | Route | Destination | Gateway  |     Genmask     | Interface | Flags |
[   14.502315] cloud-init[644]: ci-info: +-------+-------------+----------+-----------------+-----------+-------+
[   14.504297] cloud-init[644]: ci-info: |   0   |   0.0.0.0   | 10.0.2.2 |     0.0.0.0     |   enp0s3  |   UG  |
[   14.519829] cloud-init[644]: ci-info: |   1   |   10.0.2.0  | 0.0.0.0  |  255.255.255.0  |   enp0s3  |   U   |
[   14.523193] cloud-init[644]: ci-info: |   2   |   10.0.2.2  | 0.0.0.0  | 255.255.255.255 |   enp0s3  |   UH  |
[   14.526446] cloud-init[644]: ci-info: +-------+-------------+----------+-----------------+-----------+-------+
[   14.536087] cloud-init[644]: ci-info: +++++++++++++++++++Route IPv6 info+++++++++++++++++++
[   14.550684] cloud-init[644]: ci-info: +-------+-------------+---------+-----------+-------+
[   14.553025] cloud-init[644]: ci-info: | Route | Destination | Gateway | Interface | Flags |
[   14.558416] cloud-init[644]: ci-info: +-------+-------------+---------+-----------+-------+
[   14.559751] cloud-init[644]: ci-info: |   1   |  fe80::/64  |    ::   |   enp0s3  |   U   |
[   14.560674] cloud-init[644]: ci-info: |   3   |    local    |    ::   |   enp0s3  |   U   |
[   14.561705] cloud-init[644]: ci-info: |   4   |   ff00::/8  |    ::   |   enp0s3  |   U   |
[   14.563679] cloud-init[644]: ci-info: +-------+-------------+---------+-----------+-------+
[   14.844005] cloud-init[644]: Generating public/private rsa key pair.
[   14.860211] cloud-init[644]: Your identification has been saved in /etc/ssh/ssh_host_rsa_key.
[   14.868996] cloud-init[644]: Your public key has been saved in /etc/ssh/ssh_host_rsa_key.pub.
[   14.871456] cloud-init[644]: The key fingerprint is:
[   14.873961] cloud-init[644]: SHA256:HiVrE4ba1n2Y1a+9PTdb85XlrSLyjeCxZsVaKl54NAI root@ubuntu-bionic
[   14.905459] [cloud-init[0;32m  OK  [0m] Started Initial cloud-init job (metadata service crawler).
[644]: The key's randomart image is:
[[0;32m  OK  [0m] Reached target System Initialization.
[   14.953279] [[0;32m  OK  [0m] Started Message of the Day.
[[0;32m  OK  [0m] Started Daily Cleanup of Temporary Directories.
[[0;32m  OK  [0m] Listening on D-Bus System Message Bus Socket.
cloud-init[644]: +---[RSA 2048]----+
[[0;32m  OK  [0m] Listening on Open-iSCSI iscsid Socket.
[   15.036255] cloud-init[644]: |                 |
         Starting LXD - unix socket.
[   15.037884] cloud-init[644]: |       .     .   |
[[0;32m  OK  [0m] Started Discard unused blocks once a week.
[   15.079606] [cloud-init[0;32m  OK  [0m[644]: ] |    E . + . . .  |Started Daily apt download activities.

[[0;32m  OK  [0m] Started Daily apt upgrade and clean activities.
[[0;32m  OK  [0m] Listening on ACPID Listen Socket.
[   15.131718] cloud-init[644]: |     + o * +   . |
[   15.236359] cloud-init[644]: |    . + S.+ .   o|
[   15.292243] cloud-init[644]: |     . * ++.   ++|
[   15.324128] cloud-init[644]: |      . *=    .o*|
[   15.376280] cloud-init[644]: |      .+*+.o.  +O|
[   15.408253] cloud-init[644]: |     ..+ooo....oB|
[   15.438289] cloud-init[644]: +----[SHA256]-----+
[   15.468267] cloud-init[644]: Generating public/private dsa key pair.
         Starting Socket activation for snappy daemon.
[[0;32m  OK  [0m] Listening on UUID daemon activation socket.
[   15.479018] cloud-init[644]: Your identification has been saved in /etc/ssh/ssh_host_dsa_key.
[   15.536880] cloud-init[644]: Your public key has been saved in /etc/ssh/ssh_host_dsa_key.pub.
[[   15.554403] cloud-init[644]: The key fingerprint is:
[   15.555071] cloud-init[644]: SHA256:LqZimVxc8epk4EdhOrfdG5uf2slPuRr4/tDPMmx9CEs root@ubuntu-bionic
[   15.555703] cloud-init[644]: The key's randomart image is:
[0;32m  OK  [0m] Started ACPI Events Check.
[[0;32m  OK  [0m] Reached target Paths.
[   15.555839] cloud-init[644]: +---[DSA 1024]----+
[[   15.603284] cloud-init[644]: |                 |
[   15.603415] cloud-init[644]: |      +          |
[   15.603785] cloud-init[644]: |     o +         |
[   15.604536] cloud-init[644]: |    + + .        |
[   15.605289] cloud-init[644]: |   o * +S.       |
[   15.605984] cloud-init[644]: |    + *.. o.E. . |
[   15.606282] cloud-init[644]: | . + =o . .*o++o |
[   15.606866] cloud-init[644]: |  *  o..  ++.**+o|
[   15.607161] cloud-init[644]: | . ..     .+X=+o+|
[   15.607480] cloud-init[644]: +----[SHA256]-----+
[   15.607745] cloud-init[644]: Generating public/private ecdsa key pair.
[   15.608002] cloud-init[644]: Your identification has been saved in /etc/ssh/ssh_host_ecdsa_key.
[   15.609674] cloud-init[644]: Your public key has been saved in /etc/ssh/ssh_host_ecdsa_key.pub.
[   15.610249] cloud-init[644]: The key fingerprint is:
[   15.610514] cloud-init[644]: SHA256:jRNaSAhJz8L2FM+pBi9NiH5T27RGeUWDiD3uQbahQiQ root@ubuntu-bionic
[0;32m  OK  [0m] Reached target Timers.
[[   15.610556] cloud-init[644]: The key's randomart image is:
[   15.700491] cloud-init[644]: +---[ECDSA 256]---+
[   15.700705] cloud-init[644]: | E++..+ . o+     |
[   15.700989] cloud-init[644]: | oo=.* X... .    |
[   15.701300] cloud-init[644]: |. B =.X+*.       |
[0;32m  OK  [0m] Reached target Network is Online.
[   15.701594] cloud-init[644]: |.. X.o=*o+       |
[   15.785860] cloud-init[644]: | ..oB.o+S .      |
[[   15.789597] cloud-init[644]: |  .o. .. .       |
[   15.790022] cloud-init[644]: |                 |
[0;32m  OK  [0m] Reached target Remote File Systems (Pre).
[   15.790953] cloud-init[644]: |                 |
[[   15.884223] cloud-init[644]: |                 |
[   15.884354] cloud-init[644]: +----[SHA256]-----+
[0;32m  OK  [0m] Reached target Remote File Systems.
[   15.884459] cloud-init[644]: Generating public/private ed25519 key pair.
[   16.044484] cloud-init[644]: Your identification has been saved in /etc/ssh/ssh_host_ed25519_key.
[   16.068621] cloud-init[644]: Your public key has been saved in /etc/ssh/ssh_host_ed25519_key.pub.
         Starting Availability of block devices...
[   16.081326] [cloud-init[0;32m  OK  [0m[644]: ] The key fingerprint is:Reached target Cloud-config availability.

[[0;32m  OK  [0m] Listening on LXD - unix socket.
[   16.105905] [[0;32m  OK  [0m] Listening on Socket activation for snappy daemon.
[[0;32m  OK  [0m] Started Availability of block devices.
[[0;32m  OK  [0m] Reached target Sockets.
[[0;32m  OK  [0m] Reached target Basic System.
         Starting LSB: automatic crash report generation...
cloud-init[644]: SHA256:Ag0SeFMrounLL2mk59Gebx8XZuReZbd5XnfJW96kI9M root@ubuntu-bionic
[   16.121242] cloud-init[644]: The key's randomart image is:
         Starting Login Service...
[   16.168467] cloud-init[644]: +--[ED25519 256]--+
[   16.190584] cloud-init[644]: | .ooo            |
[   16.204396] cloud-init[644]: |. o. +           |
[[0;32m  OK  [0m] Started D-Bus System Message Bus.
[   16.206062] cloud-init[644]: |....o .   .   o .|
[   16.210561] cloud-init[644]: |.o . .   o   o..+|
[[0;32m  OK  [0m] Started Login Service.
[   16.211623] cloud-init[644]: |o     . S = .  =B|
[   16.212668]          Starting Pollinate to seed the pseudo random number generator...
         Starting Accounts Service...
         Starting LXD - container startup/shutdown...
[[0;32m  OK  [0m] Started Unattended Upgrades Shutdown.
cloud-init[644]: |.. .   . + o . =O|
         Starting Permit User Sessions...
[   16.272153] cloud-init[644]: |o.o .   . o o E.+|
[   16.320829] cloud-init[644]: |o+oo ..  o   o . |
         Starting Dispatcher daemon for systemd-networkd...
[   16.347372] [[0;32m  OK  [0m] Started FUSE filesystem for LXC.
cloud-init[644]: |.=+.oo...        |
[   16.388386] cloud-init[644]: +----[SHA256]-----+
[[0;32m  OK  [0m] Started Deferred execution scheduler.
         Starting Snappy daemon...
         Starting LSB: Record successful boot for GRUB...
         Starting System Logging Service...
[[0;32m  OK  [0m] Started irqbalance daemon.
         Starting Virtualbox guest utils...
[[0;32m  OK  [0m] Started Regular background program processing daemon.
[[0;32m  OK  [0m] Started System Logging Service.
[[0;32m  OK  [0m] Started LXD - container startup/shutdown.
[[0;32m  OK  [0m] Started Permit User Sessions.
         Starting Authorization Manager...
         Starting Terminate Plymouth Boot Screen...
         Starting Hold until boot process finishes up...
[[0;32m  OK  [0m] Started Terminate Plymouth Boot Screen.
[[0;32m  OK  [0m] Started Hold until boot process finishes up.
[[0;32m  OK  [0m] Started Authorization Manager.
[[0;32m  OK  [0m] Started LSB: automatic crash report generation.
[[0;32m  OK  [0m] Started Dispatcher daemon for systemd-networkd.
[[0;32m  OK  [0m] Started Snappy daemon.
[[0;32m  OK  [0m] Started LSB: Record successful boot for GRUB.
[[0;32m  OK  [0m] Started Virtualbox guest utils.
[[0;32m  OK  [0m] Started Accounts Service.
         Starting Wait until snapd is fully seeded...
         Starting Set console scheme...
[[0;32m  OK  [0m] Started Serial Getty on ttyS0.
[[0;32m  OK  [0m] Started Set console scheme.
[[0;32m  OK  [0m] Created slice system-getty.slice.
[[0;32m  OK  [0m] Started Getty on tty1.
[[0;32m  OK  [0m] Reached target Login Prompts.
[[0;32m  OK  [0m] Started Pollinate to seed the pseudo random number generator.
         Starting OpenBSD Secure Shell server...
[[0;32m  OK  [0m] Started OpenBSD Secure Shell server.
[[0;32m  OK  [0m] Created slice User Slice of vagrant.
         Starting User Manager for UID 1000...
[[0;32m  OK  [0m] Started Session 1 of user vagrant.
[[0;32m  OK  [0m] Started User Manager for UID 1000.
[[0;32m  OK  [0m] Started Wait until snapd is fully seeded.
         Starting Apply the settings specified in cloud-config...
[[0;32m  OK  [0m] Reached target Multi-User System.
[[0;32m  OK  [0m] Reached target Graphical Interface.
         Starting Update UTMP about System Runlevel Changes...
[[0;32m  OK  [0m] Started Update UTMP about System Runlevel Changes.
[   20.243459] cloud-init[1326]: Cloud-init v. 18.4-0ubuntu1~18.04.1 running 'modules:config' at Tue, 18 Dec 2018 05:24:20 +0000. Up 19.94 seconds.
[[0;32m  OK  [0m] Started Apply the settings specified in cloud-config.
         Starting Execute cloud user/final scripts...
ci-info: no authorized ssh keys fingerprints found for user ubuntu.
<14>Dec 18 05:24:21 ec2: 
<14>Dec 18 05:24:21 ec2: #############################################################
<14>Dec 18 05:24:21 ec2: -----BEGIN SSH HOST KEY FINGERPRINTS-----
<14>Dec 18 05:24:21 ec2: 1024 SHA256:LqZimVxc8epk4EdhOrfdG5uf2slPuRr4/tDPMmx9CEs root@ubuntu-bionic (DSA)
<14>Dec 18 05:24:21 ec2: 256 SHA256:jRNaSAhJz8L2FM+pBi9NiH5T27RGeUWDiD3uQbahQiQ root@ubuntu-bionic (ECDSA)
<14>Dec 18 05:24:21 ec2: 256 SHA256:Ag0SeFMrounLL2mk59Gebx8XZuReZbd5XnfJW96kI9M root@ubuntu-bionic (ED25519)
<14>Dec 18 05:24:21 ec2: 2048 SHA256:HiVrE4ba1n2Y1a+9PTdb85XlrSLyjeCxZsVaKl54NAI root@ubuntu-bionic (RSA)
<14>Dec 18 05:24:21 ec2: -----END SSH HOST KEY FINGERPRINTS-----
<14>Dec 18 05:24:21 ec2: #############################################################
-----BEGIN SSH HOST KEY KEYS-----
ecdsa-sha2-nistp256 AAAAE2VjZHNhLXNoYTItbmlzdHAyNTYAAAAIbmlzdHAyNTYAAABBBLd16mAtTd7i8d4unbxTZQJNWct1AlqHiCBBDQSMQFIzluetFrdUFc5MDl5NSRMTK2NZtYi2Zwop7+aNrh9nnkc= root@ubuntu-bionic
ssh-ed25519 AAAAC3NzaC1lZDI1NTE5AAAAIL9tUAbh4YF126r7ks+ekJzhgL76gsaShWauCk8DAJYA root@ubuntu-bionic
ssh-rsa AAAAB3NzaC1yc2EAAAADAQABAAABAQC30h5swFE8RSOqN6DqYCLqHHJPGF+l8pjLmaYYrijvBuLmnSOvKDV0je13ALUDWbHcNrQfM5q+vdxFqmKX2R+w4zO6j4BwoWGUULDERB40Pezk1m9yeDv7CGtmdEMvRfdEjWxTFn4fKTvsvhtOE5NIdkq6rFu/0OSUKO6HYJwlFmTZgmO0I+UwDoJaZHFReoPe3W16GFoRT4AOvcYco+r99BZTeYSQQ0mSaLdIKraFGHj6rHe+rahdFUxSjc7M5DJkkl2+uWe6NRnQJ20sy3+P/gP1kKDZv0NpvdyY08KNVGn+BwbmnAydacugpW5flVUElpS1dVRJXaEai/k8uHvZ root@ubuntu-bionic
-----END SSH HOST KEY KEYS-----
[   20.903041] cloud-init[1419]: Cloud-init v. 18.4-0ubuntu1~18.04.1 running 'modules:final' at Tue, 18 Dec 2018 05:24:21 +0000. Up 20.63 seconds.
[   20.911499] cloud-init[1419]: ci-info: no authorized ssh keys fingerprints found for user ubuntu.
[   20.913574] cloud-init[1419]: Cloud-init v. 18.4-0ubuntu1~18.04.1 finished at Tue, 18 Dec 2018 05:24:21 +0000. Datasource DataSourceNoCloud [seed=/dev/sdb][dsmode=net].  Up 20.89 seconds
[[0;32m  OK  [0m] Started Execute cloud user/final scripts.
[[0;32m  OK  [0m] Reached target Cloud-init target.

Ubuntu 18.04.1 LTS ubuntu-bionic ttyS0

ubuntu-bionic login: 